[Sat Dec  7 03:36:45 2024] [INFO] Starting sandbox for program: ./file/dangerous/js1.js
[Sat Dec  7 03:36:45 2024] [INFO] Running './file/dangerous/js1.js' in sandbox
[Sat Dec  7 03:36:45 2024] [INFO] Child process created
[Sat Dec  7 03:36:45 2024] [INFO] Syscall number: 59
[Sat Dec  7 03:36:45 2024] [INFO] Resource usage - CPU time: 0 us, Memory: 0 KB, I/O: 0 operations
[Sat Dec  7 03:36:45 2024] [INFO] Syscall return value: -38
[Sat Dec  7 03:36:45 2024] [INFO] Resource usage - CPU time: 0 us, Memory: 0 KB, I/O: 0 operations
[Sat Dec  7 03:36:45 2024] [INFO] Syscall number: 12
[Sat Dec  7 03:36:45 2024] [INFO] Resource usage - CPU time: 0 us, Memory: 0 KB, I/O: 0 operations
[Sat Dec  7 03:36:45 2024] [INFO] Syscall return value: -38
[Sat Dec  7 03:36:45 2024] [INFO] Resource usage - CPU time: 0 us, Memory: 0 KB, I/O: 0 operations
[Sat Dec  7 03:36:45 2024] [INFO] Syscall number: 9
[Sat Dec  7 03:36:45 2024] [INFO] Resource usage - CPU time: 0 us, Memory: 0 KB, I/O: 0 operations
[Sat Dec  7 03:36:45 2024] [INFO] Syscall return value: -38
[Sat Dec  7 03:36:45 2024] [INFO] Resource usage - CPU time: 0 us, Memory: 0 KB, I/O: 0 operations
[Sat Dec  7 03:36:45 2024] [INFO] Syscall number: 267
[Sat Dec  7 03:36:45 2024] [INFO] Resource usage - CPU time: 0 us, Memory: 0 KB, I/O: 0 operations
[Sat Dec  7 03:36:45 2024] [INFO] Syscall return value: -38
[Sat Dec  7 03:36:45 2024] [INFO] Resource usage - CPU time: 0 us, Memory: 0 KB, I/O: 0 operations
[Sat Dec  7 03:36:45 2024] [INFO] Syscall number: 21
[Sat Dec  7 03:36:45 2024] [INFO] Resource usage - CPU time: 0 us, Memory: 0 KB, I/O: 0 operations
[Sat Dec  7 03:36:45 2024] [INFO] Syscall return value: -38
[Sat Dec  7 03:36:45 2024] [INFO] Resource usage - CPU time: 0 us, Memory: 0 KB, I/O: 0 operations
[Sat Dec  7 03:36:45 2024] [INFO] Syscall number: 257
[Sat Dec  7 03:36:45 2024] [INFO] Resource usage - CPU time: 0 us, Memory: 0 KB, I/O: 0 operations
[Sat Dec  7 03:36:45 2024] [INFO] Syscall return value: -38
[Sat Dec  7 03:36:45 2024] [INFO] Resource usage - CPU time: 0 us, Memory: 0 KB, I/O: 0 operations
[Sat Dec  7 03:36:45 2024] [INFO] Syscall number: 262
[Sat Dec  7 03:36:45 2024] [INFO] Resource usage - CPU time: 0 us, Memory: 0 KB, I/O: 0 operations
[Sat Dec  7 03:36:45 2024] [INFO] Syscall return value: -38
[Sat Dec  7 03:36:45 2024] [INFO] Resource usage - CPU time: 0 us, Memory: 0 KB, I/O: 0 operations
[Sat Dec  7 03:36:45 2024] [INFO] Syscall number: 257
[Sat Dec  7 03:36:45 2024] [INFO] Resource usage - CPU time: 0 us, Memory: 0 KB, I/O: 0 operations
[Sat Dec  7 03:36:45 2024] [INFO] Syscall return value: -38
[Sat Dec  7 03:36:45 2024] [INFO] Resource usage - CPU time: 0 us, Memory: 0 KB, I/O: 0 operations
[Sat Dec  7 03:36:45 2024] [INFO] Syscall number: 262
[Sat Dec  7 03:36:45 2024] [INFO] Resource usage - CPU time: 0 us, Memory: 0 KB, I/O: 0 operations
[Sat Dec  7 03:36:45 2024] [INFO] Syscall return value: -38
[Sat Dec  7 03:36:45 2024] [INFO] Resource usage - CPU time: 0 us, Memory: 0 KB, I/O: 0 operations
[Sat Dec  7 03:36:45 2024] [INFO] Syscall number: 257
[Sat Dec  7 03:36:45 2024] [INFO] Resource usage - CPU time: 0 us, Memory: 0 KB, I/O: 0 operations
[Sat Dec  7 03:36:45 2024] [INFO] Syscall return value: -38
[Sat Dec  7 03:36:45 2024] [INFO] Resource usage - CPU time: 0 us, Memory: 0 KB, I/O: 0 operations
[Sat Dec  7 03:36:45 2024] [INFO] Syscall number: 262
[Sat Dec  7 03:36:45 2024] [INFO] Resource usage - CPU time: 0 us, Memory: 0 KB, I/O: 0 operations
[Sat Dec  7 03:36:45 2024] [INFO] Syscall return value: -38
[Sat Dec  7 03:36:45 2024] [INFO] Resource usage - CPU time: 0 us, Memory: 0 KB, I/O: 0 operations
[Sat Dec  7 03:36:45 2024] [INFO] Syscall number: 257
[Sat Dec  7 03:36:45 2024] [INFO] Resource usage - CPU time: 0 us, Memory: 0 KB, I/O: 0 operations
[Sat Dec  7 03:36:45 2024] [INFO] Syscall return value: -38
[Sat Dec  7 03:36:45 2024] [INFO] Resource usage - CPU time: 0 us, Memory: 0 KB, I/O: 0 operations
[Sat Dec  7 03:36:45 2024] [INFO] Syscall number: 262
[Sat Dec  7 03:36:45 2024] [INFO] Resource usage - CPU time: 0 us, Memory: 0 KB, I/O: 0 operations
[Sat Dec  7 03:36:45 2024] [INFO] Syscall return value: -38
[Sat Dec  7 03:36:45 2024] [INFO] Resource usage - CPU time: 0 us, Memory: 0 KB, I/O: 0 operations
[Sat Dec  7 03:36:45 2024] [INFO] Syscall number: 257
[Sat Dec  7 03:36:45 2024] [INFO] Resource usage - CPU time: 0 us, Memory: 0 KB, I/O: 0 operations
[Sat Dec  7 03:36:45 2024] [INFO] Syscall return value: -38
[Sat Dec  7 03:36:45 2024] [INFO] Resource usage - CPU time: 0 us, Memory: 0 KB, I/O: 0 operations
[Sat Dec  7 03:36:45 2024] [INFO] Syscall number: 5
[Sat Dec  7 03:36:45 2024] [INFO] Resource usage - CPU time: 0 us, Memory: 0 KB, I/O: 0 operations
[Sat Dec  7 03:36:45 2024] [INFO] Syscall return value: -38
[Sat Dec  7 03:36:45 2024] [INFO] Resource usage - CPU time: 0 us, Memory: 0 KB, I/O: 0 operations
[Sat Dec  7 03:36:45 2024] [INFO] Syscall number: 9
[Sat Dec  7 03:36:45 2024] [INFO] Resource usage - CPU time: 0 us, Memory: 0 KB, I/O: 0 operations
[Sat Dec  7 03:36:45 2024] [INFO] Syscall return value: -38
[Sat Dec  7 03:36:45 2024] [INFO] Resource usage - CPU time: 0 us, Memory: 0 KB, I/O: 0 operations
[Sat Dec  7 03:36:45 2024] [INFO] Syscall number: 3
[Sat Dec  7 03:36:45 2024] [INFO] Resource usage - CPU time: 0 us, Memory: 0 KB, I/O: 0 operations
[Sat Dec  7 03:36:45 2024] [INFO] Syscall return value: -38
[Sat Dec  7 03:36:45 2024] [INFO] Resource usage - CPU time: 0 us, Memory: 0 KB, I/O: 0 operations
[Sat Dec  7 03:36:45 2024] [INFO] Syscall number: 257
[Sat Dec  7 03:36:45 2024] [INFO] Resource usage - CPU time: 0 us, Memory: 0 KB, I/O: 0 operations
[Sat Dec  7 03:36:45 2024] [INFO] Syscall return value: -38
[Sat Dec  7 03:36:45 2024] [INFO] Resource usage - CPU time: 0 us, Memory: 0 KB, I/O: 0 operations
[Sat Dec  7 03:36:45 2024] [INFO] Syscall number: 0
[Sat Dec  7 03:36:45 2024] [INFO] Resource usage - CPU time: 0 us, Memory: 0 KB, I/O: 0 operations
[Sat Dec  7 03:36:45 2024] [INFO] Syscall return value: -38
[Sat Dec  7 03:36:45 2024] [INFO] Resource usage - CPU time: 0 us, Memory: 0 KB, I/O: 0 operations
[Sat Dec  7 03:36:45 2024] [INFO] Syscall number: 5
[Sat Dec  7 03:36:45 2024] [INFO] Resource usage - CPU time: 0 us, Memory: 0 KB, I/O: 0 operations
[Sat Dec  7 03:36:45 2024] [INFO] Syscall return value: -38
[Sat Dec  7 03:36:45 2024] [INFO] Resource usage - CPU time: 0 us, Memory: 0 KB, I/O: 0 operations
[Sat Dec  7 03:36:45 2024] [INFO] Syscall number: 9
[Sat Dec  7 03:36:45 2024] [INFO] Resource usage - CPU time: 0 us, Memory: 0 KB, I/O: 0 operations
[Sat Dec  7 03:36:45 2024] [INFO] Syscall return value: -38
[Sat Dec  7 03:36:45 2024] [INFO] Resource usage - CPU time: 0 us, Memory: 0 KB, I/O: 0 operations
[Sat Dec  7 03:36:45 2024] [INFO] Syscall number: 9
[Sat Dec  7 03:36:45 2024] [INFO] Resource usage - CPU time: 0 us, Memory: 0 KB, I/O: 0 operations
[Sat Dec  7 03:36:45 2024] [INFO] Syscall return value: -38
[Sat Dec  7 03:36:45 2024] [INFO] Resource usage - CPU time: 0 us, Memory: 0 KB, I/O: 0 operations
[Sat Dec  7 03:36:45 2024] [INFO] Syscall number: 9
[Sat Dec  7 03:36:45 2024] [INFO] Resource usage - CPU time: 0 us, Memory: 0 KB, I/O: 0 operations
[Sat Dec  7 03:36:45 2024] [INFO] Syscall return value: -38
[Sat Dec  7 03:36:45 2024] [INFO] Resource usage - CPU time: 0 us, Memory: 0 KB, I/O: 0 operations
[Sat Dec  7 03:36:45 2024] [INFO] Syscall number: 9
[Sat Dec  7 03:36:45 2024] [INFO] Resource usage - CPU time: 0 us, Memory: 0 KB, I/O: 0 operations
[Sat Dec  7 03:36:45 2024] [INFO] Syscall return value: -38
[Sat Dec  7 03:36:45 2024] [INFO] Resource usage - CPU time: 0 us, Memory: 0 KB, I/O: 0 operations
[Sat Dec  7 03:36:45 2024] [INFO] Syscall number: 9
[Sat Dec  7 03:36:45 2024] [INFO] Resource usage - CPU time: 0 us, Memory: 0 KB, I/O: 0 operations
[Sat Dec  7 03:36:45 2024] [INFO] Syscall return value: -38
[Sat Dec  7 03:36:45 2024] [INFO] Resource usage - CPU time: 0 us, Memory: 0 KB, I/O: 0 operations
[Sat Dec  7 03:36:45 2024] [INFO] Syscall number: 3
[Sat Dec  7 03:36:45 2024] [INFO] Resource usage - CPU time: 0 us, Memory: 0 KB, I/O: 0 operations
[Sat Dec  7 03:36:45 2024] [INFO] Syscall return value: -38
[Sat Dec  7 03:36:45 2024] [INFO] Resource usage - CPU time: 0 us, Memory: 0 KB, I/O: 0 operations
[Sat Dec  7 03:36:45 2024] [INFO] Syscall number: 257
[Sat Dec  7 03:36:45 2024] [INFO] Resource usage - CPU time: 0 us, Memory: 0 KB, I/O: 0 operations
[Sat Dec  7 03:36:45 2024] [INFO] Syscall return value: -38
[Sat Dec  7 03:36:45 2024] [INFO] Resource usage - CPU time: 0 us, Memory: 0 KB, I/O: 0 operations
[Sat Dec  7 03:36:45 2024] [INFO] Syscall number: 257
[Sat Dec  7 03:36:45 2024] [INFO] Resource usage - CPU time: 0 us, Memory: 0 KB, I/O: 0 operations
[Sat Dec  7 03:36:45 2024] [INFO] Syscall return value: -38
[Sat Dec  7 03:36:45 2024] [INFO] Resource usage - CPU time: 0 us, Memory: 0 KB, I/O: 0 operations
[Sat Dec  7 03:36:45 2024] [INFO] Syscall number: 257
[Sat Dec  7 03:36:45 2024] [INFO] Resource usage - CPU time: 0 us, Memory: 0 KB, I/O: 0 operations
[Sat Dec  7 03:36:45 2024] [INFO] Syscall return value: -38
[Sat Dec  7 03:36:45 2024] [INFO] Resource usage - CPU time: 0 us, Memory: 0 KB, I/O: 0 operations
[Sat Dec  7 03:36:45 2024] [INFO] Syscall number: 0
[Sat Dec  7 03:36:45 2024] [INFO] Resource usage - CPU time: 0 us, Memory: 0 KB, I/O: 0 operations
[Sat Dec  7 03:36:45 2024] [INFO] Syscall return value: -38
[Sat Dec  7 03:36:45 2024] [INFO] Resource usage - CPU time: 0 us, Memory: 0 KB, I/O: 0 operations
[Sat Dec  7 03:36:45 2024] [INFO] Syscall number: 17
[Sat Dec  7 03:36:45 2024] [INFO] Resource usage - CPU time: 0 us, Memory: 0 KB, I/O: 0 operations
[Sat Dec  7 03:36:45 2024] [INFO] Syscall return value: -38
[Sat Dec  7 03:36:45 2024] [INFO] Resource usage - CPU time: 0 us, Memory: 0 KB, I/O: 0 operations
[Sat Dec  7 03:36:45 2024] [INFO] Syscall number: 5
[Sat Dec  7 03:36:45 2024] [INFO] Resource usage - CPU time: 0 us, Memory: 0 KB, I/O: 0 operations
[Sat Dec  7 03:36:45 2024] [INFO] Syscall return value: -38
[Sat Dec  7 03:36:45 2024] [INFO] Resource usage - CPU time: 0 us, Memory: 0 KB, I/O: 0 operations
[Sat Dec  7 03:36:45 2024] [INFO] Syscall number: 17
[Sat Dec  7 03:36:45 2024] [INFO] Resource usage - CPU time: 0 us, Memory: 0 KB, I/O: 0 operations
[Sat Dec  7 03:36:45 2024] [INFO] Syscall return value: -38
[Sat Dec  7 03:36:45 2024] [INFO] Resource usage - CPU time: 0 us, Memory: 0 KB, I/O: 0 operations
[Sat Dec  7 03:36:45 2024] [INFO] Syscall number: 9
[Sat Dec  7 03:36:45 2024] [INFO] Resource usage - CPU time: 0 us, Memory: 0 KB, I/O: 0 operations
[Sat Dec  7 03:36:45 2024] [INFO] Syscall return value: -38
[Sat Dec  7 03:36:45 2024] [INFO] Resource usage - CPU time: 0 us, Memory: 0 KB, I/O: 0 operations
[Sat Dec  7 03:36:45 2024] [INFO] Syscall number: 9
[Sat Dec  7 03:36:45 2024] [INFO] Resource usage - CPU time: 0 us, Memory: 0 KB, I/O: 0 operations
[Sat Dec  7 03:36:45 2024] [INFO] Syscall return value: -38
[Sat Dec  7 03:36:45 2024] [INFO] Resource usage - CPU time: 0 us, Memory: 0 KB, I/O: 0 operations
[Sat Dec  7 03:36:45 2024] [INFO] Syscall number: 9
[Sat Dec  7 03:36:45 2024] [INFO] Resource usage - CPU time: 0 us, Memory: 0 KB, I/O: 0 operations
[Sat Dec  7 03:36:45 2024] [INFO] Syscall return value: -38
[Sat Dec  7 03:36:45 2024] [INFO] Resource usage - CPU time: 0 us, Memory: 0 KB, I/O: 0 operations
[Sat Dec  7 03:36:45 2024] [INFO] Syscall number: 9
[Sat Dec  7 03:36:45 2024] [INFO] Resource usage - CPU time: 0 us, Memory: 0 KB, I/O: 0 operations
[Sat Dec  7 03:36:45 2024] [INFO] Syscall return value: -38
[Sat Dec  7 03:36:45 2024] [INFO] Resource usage - CPU time: 0 us, Memory: 0 KB, I/O: 0 operations
[Sat Dec  7 03:36:45 2024] [INFO] Syscall number: 9
[Sat Dec  7 03:36:45 2024] [INFO] Resource usage - CPU time: 0 us, Memory: 0 KB, I/O: 0 operations
[Sat Dec  7 03:36:45 2024] [INFO] Syscall return value: -38
[Sat Dec  7 03:36:45 2024] [INFO] Resource usage - CPU time: 0 us, Memory: 0 KB, I/O: 0 operations
[Sat Dec  7 03:36:45 2024] [INFO] Syscall number: 3
[Sat Dec  7 03:36:45 2024] [INFO] Resource usage - CPU time: 0 us, Memory: 0 KB, I/O: 0 operations
[Sat Dec  7 03:36:45 2024] [INFO] Syscall return value: -38
[Sat Dec  7 03:36:45 2024] [INFO] Resource usage - CPU time: 0 us, Memory: 0 KB, I/O: 0 operations
[Sat Dec  7 03:36:45 2024] [INFO] Syscall number: 257
[Sat Dec  7 03:36:45 2024] [INFO] Resource usage - CPU time: 0 us, Memory: 0 KB, I/O: 0 operations
[Sat Dec  7 03:36:45 2024] [INFO] Syscall return value: -38
[Sat Dec  7 03:36:45 2024] [INFO] Resource usage - CPU time: 0 us, Memory: 0 KB, I/O: 0 operations
[Sat Dec  7 03:36:45 2024] [INFO] Syscall number: 0
[Sat Dec  7 03:36:45 2024] [INFO] Resource usage - CPU time: 0 us, Memory: 0 KB, I/O: 0 operations
[Sat Dec  7 03:36:45 2024] [INFO] Syscall return value: -38
[Sat Dec  7 03:36:45 2024] [INFO] Resource usage - CPU time: 0 us, Memory: 0 KB, I/O: 0 operations
[Sat Dec  7 03:36:45 2024] [INFO] Syscall number: 5
[Sat Dec  7 03:36:45 2024] [INFO] Resource usage - CPU time: 0 us, Memory: 0 KB, I/O: 0 operations
[Sat Dec  7 03:36:45 2024] [INFO] Syscall return value: -38
[Sat Dec  7 03:36:45 2024] [INFO] Resource usage - CPU time: 0 us, Memory: 0 KB, I/O: 0 operations
[Sat Dec  7 03:36:45 2024] [INFO] Syscall number: 9
[Sat Dec  7 03:36:45 2024] [INFO] Resource usage - CPU time: 0 us, Memory: 0 KB, I/O: 0 operations
[Sat Dec  7 03:36:45 2024] [INFO] Syscall return value: -38
[Sat Dec  7 03:36:45 2024] [INFO] Resource usage - CPU time: 0 us, Memory: 0 KB, I/O: 0 operations
[Sat Dec  7 03:36:45 2024] [INFO] Syscall number: 9
[Sat Dec  7 03:36:45 2024] [INFO] Resource usage - CPU time: 0 us, Memory: 0 KB, I/O: 0 operations
[Sat Dec  7 03:36:45 2024] [INFO] Syscall return value: -38
[Sat Dec  7 03:36:45 2024] [INFO] Resource usage - CPU time: 0 us, Memory: 0 KB, I/O: 0 operations
[Sat Dec  7 03:36:45 2024] [INFO] Syscall number: 9
[Sat Dec  7 03:36:45 2024] [INFO] Resource usage - CPU time: 0 us, Memory: 0 KB, I/O: 0 operations
[Sat Dec  7 03:36:45 2024] [INFO] Syscall return value: -38
[Sat Dec  7 03:36:45 2024] [INFO] Resource usage - CPU time: 0 us, Memory: 0 KB, I/O: 0 operations
[Sat Dec  7 03:36:45 2024] [INFO] Syscall number: 9
[Sat Dec  7 03:36:45 2024] [INFO] Resource usage - CPU time: 0 us, Memory: 0 KB, I/O: 0 operations
[Sat Dec  7 03:36:45 2024] [INFO] Syscall return value: -38
[Sat Dec  7 03:36:45 2024] [INFO] Resource usage - CPU time: 0 us, Memory: 0 KB, I/O: 0 operations
[Sat Dec  7 03:36:45 2024] [INFO] Syscall number: 3
[Sat Dec  7 03:36:45 2024] [INFO] Resource usage - CPU time: 0 us, Memory: 0 KB, I/O: 0 operations
[Sat Dec  7 03:36:45 2024] [INFO] Syscall return value: -38
[Sat Dec  7 03:36:45 2024] [INFO] Resource usage - CPU time: 0 us, Memory: 0 KB, I/O: 0 operations
[Sat Dec  7 03:36:45 2024] [INFO] Syscall number: 257
[Sat Dec  7 03:36:45 2024] [INFO] Resource usage - CPU time: 0 us, Memory: 0 KB, I/O: 0 operations
[Sat Dec  7 03:36:45 2024] [INFO] Syscall return value: -38
[Sat Dec  7 03:36:45 2024] [INFO] Resource usage - CPU time: 0 us, Memory: 0 KB, I/O: 0 operations
[Sat Dec  7 03:36:45 2024] [INFO] Syscall number: 0
[Sat Dec  7 03:36:45 2024] [INFO] Resource usage - CPU time: 0 us, Memory: 0 KB, I/O: 0 operations
[Sat Dec  7 03:36:45 2024] [INFO] Syscall return value: -38
[Sat Dec  7 03:36:45 2024] [INFO] Resource usage - CPU time: 0 us, Memory: 0 KB, I/O: 0 operations
[Sat Dec  7 03:36:45 2024] [INFO] Syscall number: 5
[Sat Dec  7 03:36:45 2024] [INFO] Resource usage - CPU time: 0 us, Memory: 0 KB, I/O: 0 operations
[Sat Dec  7 03:36:45 2024] [INFO] Syscall return value: -38
[Sat Dec  7 03:36:45 2024] [INFO] Resource usage - CPU time: 0 us, Memory: 0 KB, I/O: 0 operations
[Sat Dec  7 03:36:45 2024] [INFO] Syscall number: 9
[Sat Dec  7 03:36:45 2024] [INFO] Resource usage - CPU time: 0 us, Memory: 0 KB, I/O: 0 operations
[Sat Dec  7 03:36:45 2024] [INFO] Syscall return value: -38
[Sat Dec  7 03:36:45 2024] [INFO] Resource usage - CPU time: 0 us, Memory: 0 KB, I/O: 0 operations
[Sat Dec  7 03:36:45 2024] [INFO] Syscall number: 9
[Sat Dec  7 03:36:45 2024] [INFO] Resource usage - CPU time: 0 us, Memory: 0 KB, I/O: 0 operations
[Sat Dec  7 03:36:45 2024] [INFO] Syscall return value: -38
[Sat Dec  7 03:36:45 2024] [INFO] Resource usage - CPU time: 0 us, Memory: 0 KB, I/O: 0 operations
[Sat Dec  7 03:36:45 2024] [INFO] Syscall number: 9
[Sat Dec  7 03:36:45 2024] [INFO] Resource usage - CPU time: 0 us, Memory: 0 KB, I/O: 0 operations
[Sat Dec  7 03:36:45 2024] [INFO] Syscall return value: -38
[Sat Dec  7 03:36:45 2024] [INFO] Resource usage - CPU time: 0 us, Memory: 0 KB, I/O: 0 operations
[Sat Dec  7 03:36:45 2024] [INFO] Syscall number: 9
[Sat Dec  7 03:36:45 2024] [INFO] Resource usage - CPU time: 0 us, Memory: 0 KB, I/O: 0 operations
[Sat Dec  7 03:36:45 2024] [INFO] Syscall return value: -38
[Sat Dec  7 03:36:45 2024] [INFO] Resource usage - CPU time: 0 us, Memory: 0 KB, I/O: 0 operations
[Sat Dec  7 03:36:45 2024] [INFO] Syscall number: 3
[Sat Dec  7 03:36:45 2024] [INFO] Resource usage - CPU time: 0 us, Memory: 0 KB, I/O: 0 operations
[Sat Dec  7 03:36:45 2024] [INFO] Syscall return value: -38
[Sat Dec  7 03:36:45 2024] [INFO] Resource usage - CPU time: 0 us, Memory: 0 KB, I/O: 0 operations
[Sat Dec  7 03:36:45 2024] [INFO] Syscall number: 257
[Sat Dec  7 03:36:45 2024] [INFO] Resource usage - CPU time: 0 us, Memory: 0 KB, I/O: 0 operations
[Sat Dec  7 03:36:45 2024] [INFO] Syscall return value: -38
[Sat Dec  7 03:36:45 2024] [INFO] Resource usage - CPU time: 0 us, Memory: 0 KB, I/O: 0 operations
[Sat Dec  7 03:36:45 2024] [INFO] Syscall number: 0
[Sat Dec  7 03:36:45 2024] [INFO] Resource usage - CPU time: 0 us, Memory: 0 KB, I/O: 0 operations
[Sat Dec  7 03:36:45 2024] [INFO] Syscall return value: -38
[Sat Dec  7 03:36:45 2024] [INFO] Resource usage - CPU time: 0 us, Memory: 0 KB, I/O: 0 operations
[Sat Dec  7 03:36:45 2024] [INFO] Syscall number: 5
[Sat Dec  7 03:36:45 2024] [INFO] Resource usage - CPU time: 0 us, Memory: 0 KB, I/O: 0 operations
[Sat Dec  7 03:36:45 2024] [INFO] Syscall return value: -38
[Sat Dec  7 03:36:45 2024] [INFO] Resource usage - CPU time: 0 us, Memory: 0 KB, I/O: 0 operations
[Sat Dec  7 03:36:45 2024] [INFO] Syscall number: 9
[Sat Dec  7 03:36:45 2024] [INFO] Resource usage - CPU time: 0 us, Memory: 0 KB, I/O: 0 operations
[Sat Dec  7 03:36:45 2024] [INFO] Syscall return value: -38
[Sat Dec  7 03:36:45 2024] [INFO] Resource usage - CPU time: 0 us, Memory: 0 KB, I/O: 0 operations
[Sat Dec  7 03:36:45 2024] [INFO] Syscall number: 9
[Sat Dec  7 03:36:45 2024] [INFO] Resource usage - CPU time: 0 us, Memory: 0 KB, I/O: 0 operations
[Sat Dec  7 03:36:45 2024] [INFO] Syscall return value: -38
[Sat Dec  7 03:36:45 2024] [INFO] Resource usage - CPU time: 0 us, Memory: 0 KB, I/O: 0 operations
[Sat Dec  7 03:36:45 2024] [INFO] Syscall number: 9
[Sat Dec  7 03:36:45 2024] [INFO] Resource usage - CPU time: 0 us, Memory: 0 KB, I/O: 0 operations
[Sat Dec  7 03:36:45 2024] [INFO] Syscall return value: -38
[Sat Dec  7 03:36:45 2024] [INFO] Resource usage - CPU time: 0 us, Memory: 0 KB, I/O: 0 operations
[Sat Dec  7 03:36:45 2024] [INFO] Syscall number: 9
[Sat Dec  7 03:36:45 2024] [INFO] Resource usage - CPU time: 0 us, Memory: 0 KB, I/O: 0 operations
[Sat Dec  7 03:36:45 2024] [INFO] Syscall return value: -38
[Sat Dec  7 03:36:45 2024] [INFO] Resource usage - CPU time: 0 us, Memory: 0 KB, I/O: 0 operations
[Sat Dec  7 03:36:45 2024] [INFO] Syscall number: 3
[Sat Dec  7 03:36:45 2024] [INFO] Resource usage - CPU time: 0 us, Memory: 0 KB, I/O: 0 operations
[Sat Dec  7 03:36:45 2024] [INFO] Syscall return value: -38
[Sat Dec  7 03:36:45 2024] [INFO] Resource usage - CPU time: 0 us, Memory: 0 KB, I/O: 0 operations
[Sat Dec  7 03:36:45 2024] [INFO] Syscall number: 257
[Sat Dec  7 03:36:45 2024] [INFO] Resource usage - CPU time: 0 us, Memory: 0 KB, I/O: 0 operations
[Sat Dec  7 03:36:45 2024] [INFO] Syscall return value: -38
[Sat Dec  7 03:36:45 2024] [INFO] Resource usage - CPU time: 0 us, Memory: 0 KB, I/O: 0 operations
[Sat Dec  7 03:36:45 2024] [INFO] Syscall number: 0
[Sat Dec  7 03:36:45 2024] [INFO] Resource usage - CPU time: 0 us, Memory: 0 KB, I/O: 0 operations
[Sat Dec  7 03:36:45 2024] [INFO] Syscall return value: -38
[Sat Dec  7 03:36:45 2024] [INFO] Resource usage - CPU time: 0 us, Memory: 0 KB, I/O: 0 operations
[Sat Dec  7 03:36:45 2024] [INFO] Syscall number: 5
[Sat Dec  7 03:36:45 2024] [INFO] Resource usage - CPU time: 0 us, Memory: 0 KB, I/O: 0 operations
[Sat Dec  7 03:36:45 2024] [INFO] Syscall return value: -38
[Sat Dec  7 03:36:45 2024] [INFO] Resource usage - CPU time: 0 us, Memory: 0 KB, I/O: 0 operations
[Sat Dec  7 03:36:45 2024] [INFO] Syscall number: 9
[Sat Dec  7 03:36:45 2024] [INFO] Resource usage - CPU time: 0 us, Memory: 0 KB, I/O: 0 operations
[Sat Dec  7 03:36:45 2024] [INFO] Syscall return value: -38
[Sat Dec  7 03:36:45 2024] [INFO] Resource usage - CPU time: 0 us, Memory: 0 KB, I/O: 0 operations
[Sat Dec  7 03:36:45 2024] [INFO] Syscall number: 9
[Sat Dec  7 03:36:45 2024] [INFO] Resource usage - CPU time: 0 us, Memory: 0 KB, I/O: 0 operations
[Sat Dec  7 03:36:45 2024] [INFO] Syscall return value: -38
[Sat Dec  7 03:36:45 2024] [INFO] Resource usage - CPU time: 0 us, Memory: 0 KB, I/O: 0 operations
[Sat Dec  7 03:36:45 2024] [INFO] Syscall number: 9
[Sat Dec  7 03:36:45 2024] [INFO] Resource usage - CPU time: 0 us, Memory: 0 KB, I/O: 0 operations
[Sat Dec  7 03:36:45 2024] [INFO] Syscall return value: -38
[Sat Dec  7 03:36:45 2024] [INFO] Resource usage - CPU time: 0 us, Memory: 0 KB, I/O: 0 operations
[Sat Dec  7 03:36:45 2024] [INFO] Syscall number: 9
[Sat Dec  7 03:36:45 2024] [INFO] Resource usage - CPU time: 0 us, Memory: 0 KB, I/O: 0 operations
[Sat Dec  7 03:36:45 2024] [INFO] Syscall return value: -38
[Sat Dec  7 03:36:45 2024] [INFO] Resource usage - CPU time: 0 us, Memory: 0 KB, I/O: 0 operations
[Sat Dec  7 03:36:45 2024] [INFO] Syscall number: 9
[Sat Dec  7 03:36:45 2024] [INFO] Resource usage - CPU time: 0 us, Memory: 0 KB, I/O: 0 operations
[Sat Dec  7 03:36:45 2024] [INFO] Syscall return value: -38
[Sat Dec  7 03:36:45 2024] [INFO] Resource usage - CPU time: 0 us, Memory: 0 KB, I/O: 0 operations
[Sat Dec  7 03:36:45 2024] [INFO] Syscall number: 3
[Sat Dec  7 03:36:45 2024] [INFO] Resource usage - CPU time: 0 us, Memory: 0 KB, I/O: 0 operations
[Sat Dec  7 03:36:45 2024] [INFO] Syscall return value: -38
[Sat Dec  7 03:36:45 2024] [INFO] Resource usage - CPU time: 0 us, Memory: 0 KB, I/O: 0 operations
[Sat Dec  7 03:36:45 2024] [INFO] Syscall number: 257
[Sat Dec  7 03:36:45 2024] [INFO] Resource usage - CPU time: 0 us, Memory: 0 KB, I/O: 0 operations
[Sat Dec  7 03:36:45 2024] [INFO] Syscall return value: -38
[Sat Dec  7 03:36:45 2024] [INFO] Resource usage - CPU time: 0 us, Memory: 0 KB, I/O: 0 operations
[Sat Dec  7 03:36:45 2024] [INFO] Syscall number: 0
[Sat Dec  7 03:36:45 2024] [INFO] Resource usage - CPU time: 0 us, Memory: 0 KB, I/O: 0 operations
[Sat Dec  7 03:36:45 2024] [INFO] Syscall return value: -38
[Sat Dec  7 03:36:45 2024] [INFO] Resource usage - CPU time: 0 us, Memory: 0 KB, I/O: 0 operations
[Sat Dec  7 03:36:45 2024] [INFO] Syscall number: 5
[Sat Dec  7 03:36:45 2024] [INFO] Resource usage - CPU time: 0 us, Memory: 0 KB, I/O: 0 operations
[Sat Dec  7 03:36:45 2024] [INFO] Syscall return value: -38
[Sat Dec  7 03:36:45 2024] [INFO] Resource usage - CPU time: 0 us, Memory: 0 KB, I/O: 0 operations
[Sat Dec  7 03:36:45 2024] [INFO] Syscall number: 9
[Sat Dec  7 03:36:45 2024] [INFO] Resource usage - CPU time: 0 us, Memory: 0 KB, I/O: 0 operations
[Sat Dec  7 03:36:45 2024] [INFO] Syscall return value: -38
[Sat Dec  7 03:36:45 2024] [INFO] Resource usage - CPU time: 0 us, Memory: 0 KB, I/O: 0 operations
[Sat Dec  7 03:36:45 2024] [INFO] Syscall number: 9
[Sat Dec  7 03:36:45 2024] [INFO] Resource usage - CPU time: 0 us, Memory: 0 KB, I/O: 0 operations
[Sat Dec  7 03:36:45 2024] [INFO] Syscall return value: -38
[Sat Dec  7 03:36:45 2024] [INFO] Resource usage - CPU time: 0 us, Memory: 0 KB, I/O: 0 operations
[Sat Dec  7 03:36:45 2024] [INFO] Syscall number: 9
[Sat Dec  7 03:36:45 2024] [INFO] Resource usage - CPU time: 0 us, Memory: 0 KB, I/O: 0 operations
[Sat Dec  7 03:36:45 2024] [INFO] Syscall return value: -38
[Sat Dec  7 03:36:45 2024] [INFO] Resource usage - CPU time: 0 us, Memory: 0 KB, I/O: 0 operations
[Sat Dec  7 03:36:45 2024] [INFO] Syscall number: 9
[Sat Dec  7 03:36:45 2024] [INFO] Resource usage - CPU time: 0 us, Memory: 0 KB, I/O: 0 operations
[Sat Dec  7 03:36:45 2024] [INFO] Syscall return value: -38
[Sat Dec  7 03:36:45 2024] [INFO] Resource usage - CPU time: 0 us, Memory: 0 KB, I/O: 0 operations
[Sat Dec  7 03:36:45 2024] [INFO] Syscall number: 3
[Sat Dec  7 03:36:45 2024] [INFO] Resource usage - CPU time: 0 us, Memory: 0 KB, I/O: 0 operations
[Sat Dec  7 03:36:45 2024] [INFO] Syscall return value: -38
[Sat Dec  7 03:36:45 2024] [INFO] Resource usage - CPU time: 0 us, Memory: 0 KB, I/O: 0 operations
[Sat Dec  7 03:36:45 2024] [INFO] Syscall number: 257
[Sat Dec  7 03:36:45 2024] [INFO] Resource usage - CPU time: 0 us, Memory: 0 KB, I/O: 0 operations
[Sat Dec  7 03:36:45 2024] [INFO] Syscall return value: -38
[Sat Dec  7 03:36:45 2024] [INFO] Resource usage - CPU time: 0 us, Memory: 0 KB, I/O: 0 operations
[Sat Dec  7 03:36:45 2024] [INFO] Syscall number: 0
[Sat Dec  7 03:36:45 2024] [INFO] Resource usage - CPU time: 0 us, Memory: 0 KB, I/O: 0 operations
[Sat Dec  7 03:36:45 2024] [INFO] Syscall return value: -38
[Sat Dec  7 03:36:45 2024] [INFO] Resource usage - CPU time: 0 us, Memory: 0 KB, I/O: 0 operations
[Sat Dec  7 03:36:45 2024] [INFO] Syscall number: 5
[Sat Dec  7 03:36:45 2024] [INFO] Resource usage - CPU time: 0 us, Memory: 0 KB, I/O: 0 operations
[Sat Dec  7 03:36:45 2024] [INFO] Syscall return value: -38
[Sat Dec  7 03:36:45 2024] [INFO] Resource usage - CPU time: 0 us, Memory: 0 KB, I/O: 0 operations
[Sat Dec  7 03:36:45 2024] [INFO] Syscall number: 9
[Sat Dec  7 03:36:45 2024] [INFO] Resource usage - CPU time: 0 us, Memory: 0 KB, I/O: 0 operations
[Sat Dec  7 03:36:45 2024] [INFO] Syscall return value: -38
[Sat Dec  7 03:36:45 2024] [INFO] Resource usage - CPU time: 0 us, Memory: 0 KB, I/O: 0 operations
[Sat Dec  7 03:36:45 2024] [INFO] Syscall number: 9
[Sat Dec  7 03:36:45 2024] [INFO] Resource usage - CPU time: 0 us, Memory: 0 KB, I/O: 0 operations
[Sat Dec  7 03:36:45 2024] [INFO] Syscall return value: -38
[Sat Dec  7 03:36:45 2024] [INFO] Resource usage - CPU time: 0 us, Memory: 0 KB, I/O: 0 operations
[Sat Dec  7 03:36:45 2024] [INFO] Syscall number: 9
[Sat Dec  7 03:36:45 2024] [INFO] Resource usage - CPU time: 0 us, Memory: 0 KB, I/O: 0 operations
[Sat Dec  7 03:36:45 2024] [INFO] Syscall return value: -38
[Sat Dec  7 03:36:45 2024] [INFO] Resource usage - CPU time: 0 us, Memory: 0 KB, I/O: 0 operations
[Sat Dec  7 03:36:45 2024] [INFO] Syscall number: 9
[Sat Dec  7 03:36:45 2024] [INFO] Resource usage - CPU time: 0 us, Memory: 0 KB, I/O: 0 operations
[Sat Dec  7 03:36:45 2024] [INFO] Syscall return value: -38
[Sat Dec  7 03:36:45 2024] [INFO] Resource usage - CPU time: 0 us, Memory: 0 KB, I/O: 0 operations
[Sat Dec  7 03:36:45 2024] [INFO] Syscall number: 3
[Sat Dec  7 03:36:45 2024] [INFO] Resource usage - CPU time: 0 us, Memory: 0 KB, I/O: 0 operations
[Sat Dec  7 03:36:45 2024] [INFO] Syscall return value: -38
[Sat Dec  7 03:36:45 2024] [INFO] Resource usage - CPU time: 0 us, Memory: 0 KB, I/O: 0 operations
[Sat Dec  7 03:36:45 2024] [INFO] Syscall number: 257
[Sat Dec  7 03:36:45 2024] [INFO] Resource usage - CPU time: 0 us, Memory: 0 KB, I/O: 0 operations
[Sat Dec  7 03:36:45 2024] [INFO] Syscall return value: -38
[Sat Dec  7 03:36:45 2024] [INFO] Resource usage - CPU time: 0 us, Memory: 0 KB, I/O: 0 operations
[Sat Dec  7 03:36:45 2024] [INFO] Syscall number: 0
[Sat Dec  7 03:36:45 2024] [INFO] Resource usage - CPU time: 0 us, Memory: 0 KB, I/O: 0 operations
[Sat Dec  7 03:36:45 2024] [INFO] Syscall return value: -38
[Sat Dec  7 03:36:45 2024] [INFO] Resource usage - CPU time: 0 us, Memory: 0 KB, I/O: 0 operations
[Sat Dec  7 03:36:45 2024] [INFO] Syscall number: 5
[Sat Dec  7 03:36:45 2024] [INFO] Resource usage - CPU time: 0 us, Memory: 0 KB, I/O: 0 operations
[Sat Dec  7 03:36:45 2024] [INFO] Syscall return value: -38
[Sat Dec  7 03:36:45 2024] [INFO] Resource usage - CPU time: 0 us, Memory: 0 KB, I/O: 0 operations
[Sat Dec  7 03:36:45 2024] [INFO] Syscall number: 9
[Sat Dec  7 03:36:45 2024] [INFO] Resource usage - CPU time: 0 us, Memory: 0 KB, I/O: 0 operations
[Sat Dec  7 03:36:45 2024] [INFO] Syscall return value: -38
[Sat Dec  7 03:36:45 2024] [INFO] Resource usage - CPU time: 0 us, Memory: 0 KB, I/O: 0 operations
[Sat Dec  7 03:36:45 2024] [INFO] Syscall number: 3
[Sat Dec  7 03:36:45 2024] [INFO] Resource usage - CPU time: 0 us, Memory: 0 KB, I/O: 0 operations
[Sat Dec  7 03:36:45 2024] [INFO] Syscall return value: -38
[Sat Dec  7 03:36:45 2024] [INFO] Resource usage - CPU time: 0 us, Memory: 0 KB, I/O: 0 operations
[Sat Dec  7 03:36:45 2024] [INFO] Syscall number: 20
[Sat Dec  7 03:36:45 2024] [INFO] Resource usage - CPU time: 0 us, Memory: 0 KB, I/O: 0 operations
[Sat Dec  7 03:36:45 2024] [INFO] Syscall return value: -38
[Sat Dec  7 03:36:45 2024] [INFO] Resource usage - CPU time: 0 us, Memory: 0 KB, I/O: 0 operations
[Sat Dec  7 03:36:45 2024] [INFO] Child exited with status 127
[INFO] System Calls:
[
  { "syscall_number": 12 },
  { "syscall_number": 9 },
  { "syscall_number": 267 },
  { "syscall_number": 21 },
  { "syscall_number": 257 },
  { "syscall_number": 262 },
  { "syscall_number": 257 },
  { "syscall_number": 262 },
  { "syscall_number": 257 },
  { "syscall_number": 262 },
  { "syscall_number": 257 },
  { "syscall_number": 262 },
  { "syscall_number": 257 },
  { "syscall_number": 5 },
  { "syscall_number": 9 },
  { "syscall_number": 3 },
  { "syscall_number": 257 },
  { "syscall_number": 0 },
  { "syscall_number": 5 },
  { "syscall_number": 9 },
  { "syscall_number": 9 },
  { "syscall_number": 9 },
  { "syscall_number": 9 },
  { "syscall_number": 9 },
  { "syscall_number": 3 },
  { "syscall_number": 257 },
  { "syscall_number": 257 },
  { "syscall_number": 257 },
  { "syscall_number": 0 },
  { "syscall_number": 17 },
  { "syscall_number": 5 },
  { "syscall_number": 17 },
  { "syscall_number": 9 },
  { "syscall_number": 9 },
  { "syscall_number": 9 },
  { "syscall_number": 9 },
  { "syscall_number": 9 },
  { "syscall_number": 3 },
  { "syscall_number": 257 },
  { "syscall_number": 0 },
  { "syscall_number": 5 },
  { "syscall_number": 9 },
  { "syscall_number": 9 },
  { "syscall_number": 9 },
  { "syscall_number": 9 },
  { "syscall_number": 3 },
  { "syscall_number": 257 },
  { "syscall_number": 0 },
  { "syscall_number": 5 },
  { "syscall_number": 9 },
  { "syscall_number": 9 },
  { "syscall_number": 9 },
  { "syscall_number": 9 },
  { "syscall_number": 3 },
  { "syscall_number": 257 },
  { "syscall_number": 0 },
  { "syscall_number": 5 },
  { "syscall_number": 9 },
  { "syscall_number": 9 },
  { "syscall_number": 9 },
  { "syscall_number": 9 },
  { "syscall_number": 3 },
  { "syscall_number": 257 },
  { "syscall_number": 0 },
  { "syscall_number": 5 },
  { "syscall_number": 9 },
  { "syscall_number": 9 },
  { "syscall_number": 9 },
  { "syscall_number": 9 },
  { "syscall_number": 9 },
  { "syscall_number": 3 },
  { "syscall_number": 257 },
  { "syscall_number": 0 },
  { "syscall_number": 5 },
  { "syscall_number": 9 },
  { "syscall_number": 9 },
  { "syscall_number": 9 },
  { "syscall_number": 9 },
  { "syscall_number": 3 },
  { "syscall_number": 257 },
  { "syscall_number": 0 },
  { "syscall_number": 5 },
  { "syscall_number": 9 },
  { "syscall_number": 9 },
  { "syscall_number": 9 },
  { "syscall_number": 9 },
  { "syscall_number": 3 },
  { "syscall_number": 257 },
  { "syscall_number": 0 },
  { "syscall_number": 5 },
  { "syscall_number": 9 },
  { "syscall_number": 3 },
  { "syscall_number": 20 },
  { "syscall_number": 231 }
]
